        -:    0:Source:BubbleSort.h
        -:    0:Graph:input_tester-BubbleSort_test.gcno
        -:    0:Data:input_tester-BubbleSort_test.gcda
        -:    0:Runs:1
        -:    1:#pragma once
        -:    2:#include <iostream>
        -:    3:using namespace std;
        -:    4:
        -:    5:
        6:    6:void BubbleSort(int* arr, int n) {
        -:    7:    int i;
        -:    8:    int j;
        -:    9:    int temp;
        -:   10:    //loops from the beginning of the vector to the second to last element
       35:   11:    for (i = 0; i < n - 1; ++i) {
        -:   12:        //loop iterates from the beginning to the element i positions from the end of the vector.
      124:   13:        for (j = 0; j < n - i - 1; ++j) {
        -:   14:            //swaps elements if the current element is greater than the next
       95:   15:            if (arr[j] > arr[j + 1]) {
        -:   16:                temp = arr[j];
       48:   17:                arr[j] = arr[j + 1];
       48:   18:                arr[j + 1] = temp;
        -:   19:            }
        -:   20:        }
        -:   21:    }
        -:   22:
        -:   23:
        6:   24:}
