        -:    0:Source:SelectionSort.h
        -:    0:Graph:input_tester-SelectionSort_test.gcno
        -:    0:Data:input_tester-SelectionSort_test.gcda
        -:    0:Runs:1
        -:    1:#pragma once
        -:    2:#include <iostream>
        -:    3:using namespace std;
        -:    4:
        -:    5:/*Function that performs selecting sort on a given array*/
        6:    6:void selectionSort(int arr[], int size) {
     5010:    7:    for (int i = 0; i < size - 1; i++) {        //for loop to iterate through the array
        -:    8:        int min = i;                            //sets min variable to current element index
  2502549:    9:        for (int j = i + 1; j < size; j++) {    //for loop to itetated through the remaining array
  2497545:   10:            if (arr[j] < arr[min]) {            //compares current min element with remaining array elements to find the smallest element index
        -:   11:                min = j;
        -:   12:            }
        -:   13:        }
        -:   14:        int temp = 0;
     5004:   15:        if (min != i) {                         //if the current element index was found not to hold the smallest element then it swaps its element with the smallest element found
     2983:   16:            temp = arr[i];
     2983:   17:            arr[i] = arr[min];
     2983:   18:            arr[min] = temp;
        -:   19:        }
        -:   20:    }
        6:   21:}
